<?xml version="1.0" encoding="UTF-8"?>
<!-- Generated by org.testng.reporters.JUnitReportReporter -->
<testsuite hostname="LAPTOP-TO4G4SNP" failures="0" tests="1" name="testNG.Parallel1" time="11.161" errors="0" timestamp="2023-01-09T10:20:10 IST" skipped="0">
  <testcase classname="testNG.Parallel1" name="openGoogleapp" time="11.161"/>
  <system-out/>
</testsuite> <!-- testNG.Parallel1 -->
