<?xml version="1.0" encoding="UTF-8"?>
<!-- Generated by org.testng.reporters.JUnitReportReporter -->
<testsuite hostname="LAPTOP-TO4G4SNP" failures="0" tests="1" name="POM5_ddfFAILEDTCscrss.SwaglabTEST" time="13.621" errors="0" timestamp="2023-01-13T11:04:52 IST" skipped="0">
  <testcase classname="POM5_ddfFAILEDTCscrss.SwaglabTEST" name="verifylogo" time="13.621"/>
  <system-out/>
</testsuite> <!-- POM5_ddfFAILEDTCscrss.SwaglabTEST -->
