<?xml version="1.0" encoding="UTF-8"?>
<!-- Generated by org.testng.reporters.JUnitReportReporter -->
<testsuite hostname="LAPTOP-TO4G4SNP" failures="0" tests="1" name="testNG.Parallel4" time="16.307" errors="0" timestamp="2023-01-09T14:16:33 IST" skipped="0">
  <testcase classname="testNG.Parallel4" name="openOlaApp" time="16.307"/>
  <system-out/>
</testsuite> <!-- testNG.Parallel4 -->
