<?xml version="1.0" encoding="UTF-8"?>
<!-- Generated by org.testng.reporters.JUnitReportReporter -->
<testsuite hostname="LAPTOP-TO4G4SNP" failures="0" tests="1" name="POM4_DDF_TESTNG.SwaglabTEST" time="15.759" errors="0" timestamp="2023-01-12T21:51:58 IST" skipped="0">
  <testcase classname="POM4_DDF_TESTNG.SwaglabTEST" name="verifylogo" time="15.759"/>
  <system-out/>
</testsuite> <!-- POM4_DDF_TESTNG.SwaglabTEST -->
