<?xml version="1.0" encoding="UTF-8"?>
<!-- Generated by org.testng.reporters.JUnitReportReporter -->
<testsuite hostname="LAPTOP-TO4G4SNP" failures="0" tests="2" name="testNG.MultiBT1" time="15.230" errors="0" timestamp="2023-01-12T18:28:26 IST" skipped="0">
  <testcase classname="testNG.MultiBT1" name="name" time="7.615"/>
  <system-out/>
  <testcase classname="testNG.MultiBT1" name="name" time="7.615"/>
  <system-out/>
</testsuite> <!-- testNG.MultiBT1 -->
