<?xml version="1.0" encoding="UTF-8"?>
<!-- Generated by org.testng.reporters.JUnitReportReporter -->
<testsuite hostname="LAPTOP-TO4G4SNP" failures="0" tests="1" name="POM2_DDF_TESTNG.SwaglabTEST" time="15.589" errors="0" timestamp="2023-01-12T12:50:22 IST" skipped="0">
  <testcase classname="POM2_DDF_TESTNG.SwaglabTEST" name="verifylogo" time="15.589"/>
  <system-out/>
</testsuite> <!-- POM2_DDF_TESTNG.SwaglabTEST -->
