<?xml version="1.0" encoding="UTF-8"?>
<!-- Generated by org.testng.reporters.JUnitReportReporter -->
<testsuite hostname="LAPTOP-TO4G4SNP" failures="0" tests="2" name="testNG.Annotations" time="0.007" errors="0" timestamp="2023-01-02T15:49:54 IST" skipped="0">
  <testcase classname="testNG.Annotations" name="verifylogo1" time="0.006"/>
  <system-out>
    <![CDATA[--running verifylogo1 testscript--]]>
  </system-out>
  <testcase classname="testNG.Annotations" name="verifylogo2" time="0.001"/>
  <system-out>
    <![CDATA[--running verifylogo2 testscript--]]>
  </system-out>
</testsuite> <!-- testNG.Annotations -->
