<?xml version="1.0" encoding="UTF-8"?>
<!-- Generated by org.testng.reporters.JUnitReportReporter -->
<testsuite hostname="LAPTOP-TO4G4SNP" failures="0" tests="2" name="testNG.Grouping1" time="0.010" errors="0" timestamp="2023-01-09T09:39:57 IST" skipped="0">
  <testcase classname="testNG.Grouping1" name="TC3" time="0.009"/>
  <system-out>
    <![CDATA[running TC3]]>
  </system-out>
  <testcase classname="testNG.Grouping1" name="TC4" time="0.001"/>
  <system-out>
    <![CDATA[running TC4]]>
  </system-out>
</testsuite> <!-- testNG.Grouping1 -->
