<?xml version="1.0" encoding="UTF-8"?>
<!-- Generated by org.testng.reporters.JUnitReportReporter -->
<testsuite hostname="LAPTOP-TO4G4SNP" failures="0" tests="1" name="testNG.Assertequals" time="0.012" errors="0" timestamp="2023-01-08T22:59:56 IST" skipped="0">
  <testcase classname="testNG.Assertequals" name="TC1" time="0.012"/>
  <system-out>
    <![CDATA[running TC1]]>
  </system-out>
</testsuite> <!-- testNG.Assertequals -->
