<?xml version="1.0" encoding="UTF-8"?>
<!-- Generated by org.testng.reporters.JUnitReportReporter -->
<testsuite hostname="LAPTOP-TO4G4SNP" failures="0" tests="1" name="testNG.Demo2" time="0.009" errors="0" timestamp="2023-01-12T18:22:43 IST" skipped="0">
  <testcase classname="testNG.Demo2" name="TC5" time="0.009"/>
  <system-out>
    <![CDATA[running TC5]]>
  </system-out>
</testsuite> <!-- testNG.Demo2 -->
