<?xml version="1.0" encoding="UTF-8"?>
<!-- Generated by org.testng.reporters.JUnitReportReporter -->
<testsuite hostname="LAPTOP-TO4G4SNP" failures="0" tests="3" name="testNG.DisableTCexcution" time="0.011" errors="0" timestamp="2023-01-12T18:35:55 IST" skipped="2">
  <testcase classname="testNG.DisableTCexcution" name="TC1" time="0.011"/>
  <system-out>
    <![CDATA[running TC1]]>
  </system-out>
  <testcase classname="testNG.DisableTCexcution" name="TC2">
    <skipped/>
  </testcase> <!-- TC2 -->
  <system-out/>
  <testcase classname="testNG.DisableTCexcution" name="TC3">
    <skipped/>
  </testcase> <!-- TC3 -->
  <system-out/>
</testsuite> <!-- testNG.DisableTCexcution -->
