<?xml version="1.0" encoding="UTF-8"?>
<!-- Generated by org.testng.reporters.JUnitReportReporter -->
<testsuite hostname="LAPTOP-TO4G4SNP" failures="0" tests="3" name="testNG.TestNGkywrdDEPENDONMETHOD" time="0.012" errors="0" timestamp="2023-01-03T14:42:53 IST" skipped="0">
  <testcase classname="testNG.TestNGkywrdDEPENDONMETHOD" name="login1" time="0.009"/>
  <system-out>
    <![CDATA[-running login1-]]>
  </system-out>
  <testcase classname="testNG.TestNGkywrdDEPENDONMETHOD" name="logout" time="0.002"/>
  <system-out>
    <![CDATA[-running logout-]]>
  </system-out>
  <testcase classname="testNG.TestNGkywrdDEPENDONMETHOD" name="login2" time="0.001"/>
  <system-out>
    <![CDATA[-running login2-]]>
  </system-out>
</testsuite> <!-- testNG.TestNGkywrdDEPENDONMETHOD -->
