<?xml version="1.0" encoding="UTF-8"?>
<!-- Generated by org.testng.reporters.JUnitReportReporter -->
<testsuite hostname="LAPTOP-TO4G4SNP" failures="0" tests="2" name="testNG.MULTIBROWSINGtesting" time="12.158" errors="0" timestamp="2023-01-10T15:28:52 IST" skipped="0">
  <testcase classname="testNG.MULTIBROWSINGtesting" name="name" time="5.828"/>
  <system-out/>
  <testcase classname="testNG.MULTIBROWSINGtesting" name="name" time="6.330"/>
  <system-out/>
</testsuite> <!-- testNG.MULTIBROWSINGtesting -->
