<?xml version="1.0" encoding="UTF-8"?>
<!-- Generated by org.testng.reporters.JUnitReportReporter -->
<testsuite hostname="LAPTOP-TO4G4SNP" failures="0" tests="1" name="POM3_DDF_TESTNG.SwaglabTEST" time="16.418" errors="0" timestamp="2023-01-12T14:26:55 IST" skipped="0">
  <testcase classname="POM3_DDF_TESTNG.SwaglabTEST" name="verifylogo" time="16.418"/>
  <system-out/>
</testsuite> <!-- POM3_DDF_TESTNG.SwaglabTEST -->
