<?xml version="1.0" encoding="UTF-8"?>
<!-- Generated by org.testng.reporters.JUnitReportReporter -->
<testsuite hostname="LAPTOP-TO4G4SNP" failures="0" tests="4" name="testNG.TestNGKEYWORDS1" time="0.012" errors="0" timestamp="2023-01-02T16:12:50 IST" skipped="0">
  <testcase classname="testNG.TestNGKEYWORDS1" name="TC2" time="0.006"/>
  <system-out>
    <![CDATA[--running verifylogo2 testscript--]]>
  </system-out>
  <testcase classname="testNG.TestNGKEYWORDS1" name="TC1" time="0.003"/>
  <system-out>
    <![CDATA[--running verifylogo1 testscript--]]>
  </system-out>
  <testcase classname="testNG.TestNGKEYWORDS1" name="TC1" time="0.002"/>
  <system-out>
    <![CDATA[--running verifylogo1 testscript--]]>
  </system-out>
  <testcase classname="testNG.TestNGKEYWORDS1" name="TC7" time="0.001"/>
  <system-out>
    <![CDATA[--running verifylogo3 testscript--]]>
  </system-out>
</testsuite> <!-- testNG.TestNGKEYWORDS1 -->
