<?xml version="1.0" encoding="UTF-8"?>
<!-- Generated by org.testng.reporters.JUnitReportReporter -->
<testsuite hostname="LAPTOP-TO4G4SNP" failures="0" tests="1" name="testNG.Demo1" time="0.002" errors="0" timestamp="2023-01-12T18:22:24 IST" skipped="0">
  <testcase classname="testNG.Demo1" name="TC2" time="0.002"/>
  <system-out>
    <![CDATA[running TC2]]>
  </system-out>
</testsuite> <!-- testNG.Demo1 -->
