<?xml version="1.0" encoding="UTF-8"?>
<!-- Generated by org.testng.reporters.JUnitReportReporter -->
<testsuite hostname="LAPTOP-TO4G4SNP" failures="0" tests="3" name="testNG.Grouping2" time="0.003" errors="0" timestamp="2023-01-09T09:39:57 IST" skipped="0">
  <testcase classname="testNG.Grouping2" name="TC2" time="0.001"/>
  <system-out>
    <![CDATA[running TC2]]>
  </system-out>
  <testcase classname="testNG.Grouping2" name="TC3" time="0.001"/>
  <system-out>
    <![CDATA[running TC3]]>
  </system-out>
  <testcase classname="testNG.Grouping2" name="TC4" time="0.001"/>
  <system-out>
    <![CDATA[running TC4]]>
  </system-out>
</testsuite> <!-- testNG.Grouping2 -->
