<?xml version="1.0" encoding="UTF-8"?>
<!-- Generated by org.testng.reporters.JUnitReportReporter -->
<testsuite hostname="LAPTOP-TO4G4SNP" failures="0" tests="1" name="POM_DDF_TestNG.SwaglabTest" time="0.606" errors="0" timestamp="2023-01-11T21:34:03 IST" skipped="0">
  <testcase classname="POM_DDF_TestNG.SwaglabTest" name="verifylogo" time="0.606"/>
  <system-out/>
</testsuite> <!-- POM_DDF_TestNG.SwaglabTest -->
