<?xml version="1.0" encoding="UTF-8"?>
<!-- Generated by org.testng.reporters.JUnitReportReporter -->
<testsuite hostname="LAPTOP-TO4G4SNP" failures="0" tests="1" name="testNG.Grouping4" time="0.001" errors="0" timestamp="2023-01-09T14:00:25 IST" skipped="0">
  <testcase classname="testNG.Grouping4" name="TC4" time="0.001"/>
  <system-out>
    <![CDATA[Running TC4]]>
  </system-out>
</testsuite> <!-- testNG.Grouping4 -->
