<?xml version="1.0" encoding="UTF-8"?>
<!-- Generated by org.testng.reporters.JUnitReportReporter -->
<testsuite hostname="LAPTOP-TO4G4SNP" failures="0" tests="2" name="testNG.CreateSample2" time="0.003" errors="0" timestamp="2023-01-08T22:50:42 IST" skipped="0">
  <testcase classname="testNG.CreateSample2" name="TC3" time="0.001"/>
  <system-out>
    <![CDATA[running TC3]]>
  </system-out>
  <testcase classname="testNG.CreateSample2" name="TC4" time="0.002"/>
  <system-out>
    <![CDATA[running TC4]]>
  </system-out>
</testsuite> <!-- testNG.CreateSample2 -->
