<?xml version="1.0" encoding="UTF-8"?>
<!-- Generated by org.testng.reporters.JUnitReportReporter -->
<testsuite hostname="LAPTOP-TO4G4SNP" failures="0" tests="1" name="testNG.Grouping3" time="0.008" errors="0" timestamp="2023-01-09T14:00:25 IST" skipped="0">
  <testcase classname="testNG.Grouping3" name="TC1" time="0.008"/>
  <system-out>
    <![CDATA[Running TC1]]>
  </system-out>
</testsuite> <!-- testNG.Grouping3 -->
